C:\work\01-projects\60-video\ve\vepro\prj_win32\Debug\cl.command.1.tlog
C:\work\01-projects\60-video\ve\vepro\prj_win32\Debug\CL.read.1.tlog
C:\work\01-projects\60-video\ve\vepro\prj_win32\Debug\CL.write.1.tlog
C:\work\01-projects\60-video\ve\vepro\prj_win32\Debug\custombuild.command.1.tlog
C:\work\01-projects\60-video\ve\vepro\prj_win32\Debug\custombuild.read.1.tlog
C:\work\01-projects\60-video\ve\vepro\prj_win32\Debug\custombuild.write.1.tlog
C:\work\01-projects\60-video\ve\vepro\prj_win32\Debug\link.command.1.tlog
C:\work\01-projects\60-video\ve\vepro\prj_win32\Debug\link.read.1.tlog
C:\work\01-projects\60-video\ve\vepro\prj_win32\Debug\link.write.1.tlog
C:\work\01-projects\60-video\ve\vepro\prj_win32\Debug\link-cvtres.read.1.tlog
C:\work\01-projects\60-video\ve\vepro\prj_win32\Debug\link-cvtres.write.1.tlog
C:\WORK\01-PROJECTS\60-VIDEO\VE\VEPRO\PRJ_WIN32\DEBUG\MAIN.OBJ
C:\WORK\01-PROJECTS\60-VIDEO\VE\VEPRO\PRJ_WIN32\DEBUG\MOC_FACTORY.OBJ
C:\WORK\01-PROJECTS\60-VIDEO\VE\VEPRO\PRJ_WIN32\DEBUG\MOC_QNETWORKINFO.OBJ
C:\WORK\01-PROJECTS\60-VIDEO\VE\VEPRO\PRJ_WIN32\DEBUG\MOC_QNETWORKINFO_WIN_P.OBJ
C:\WORK\01-PROJECTS\60-VIDEO\VE\VEPRO\PRJ_WIN32\DEBUG\MOC_QSTORAGEINFO.OBJ
C:\WORK\01-PROJECTS\60-VIDEO\VE\VEPRO\PRJ_WIN32\DEBUG\MOC_QSTORAGEINFO_WIN_P.OBJ
C:\WORK\01-PROJECTS\60-VIDEO\VE\VEPRO\PRJ_WIN32\DEBUG\MOC_QWMIHELPER_WIN_P.OBJ
C:\WORK\01-PROJECTS\60-VIDEO\VE\VEPRO\PRJ_WIN32\DEBUG\MOC_VIDEOWIDGET.OBJ
C:\WORK\01-PROJECTS\60-VIDEO\VE\VEPRO\PRJ_WIN32\DEBUG\MOC_VSCCAMERAADD.OBJ
C:\WORK\01-PROJECTS\60-VIDEO\VE\VEPRO\PRJ_WIN32\DEBUG\MOC_VSCDEVICELIST.OBJ
C:\WORK\01-PROJECTS\60-VIDEO\VE\VEPRO\PRJ_WIN32\DEBUG\MOC_VSCDEVICETRASH.OBJ
C:\WORK\01-PROJECTS\60-VIDEO\VE\VEPRO\PRJ_WIN32\DEBUG\MOC_VSCDEVICETREE.OBJ
C:\WORK\01-PROJECTS\60-VIDEO\VE\VEPRO\PRJ_WIN32\DEBUG\MOC_VSCDOCKWIDGET.OBJ
C:\WORK\01-PROJECTS\60-VIDEO\VE\VEPRO\PRJ_WIN32\DEBUG\MOC_VSCHDDDEVICE.OBJ
C:\WORK\01-PROJECTS\60-VIDEO\VE\VEPRO\PRJ_WIN32\DEBUG\MOC_VSCHDDEDIT.OBJ
C:\WORK\01-PROJECTS\60-VIDEO\VE\VEPRO\PRJ_WIN32\DEBUG\MOC_VSCHDDONE.OBJ
C:\WORK\01-PROJECTS\60-VIDEO\VE\VEPRO\PRJ_WIN32\DEBUG\MOC_VSCLICENSE.OBJ
C:\WORK\01-PROJECTS\60-VIDEO\VE\VEPRO\PRJ_WIN32\DEBUG\MOC_VSCMAINWINDOWS.OBJ
C:\WORK\01-PROJECTS\60-VIDEO\VE\VEPRO\PRJ_WIN32\DEBUG\MOC_VSCPBTHREAD.OBJ
C:\WORK\01-PROJECTS\60-VIDEO\VE\VEPRO\PRJ_WIN32\DEBUG\MOC_VSCPLAYBACK.OBJ
C:\WORK\01-PROJECTS\60-VIDEO\VE\VEPRO\PRJ_WIN32\DEBUG\MOC_VSCPLAYCONTROL.OBJ
C:\WORK\01-PROJECTS\60-VIDEO\VE\VEPRO\PRJ_WIN32\DEBUG\MOC_VSCRECORDER.OBJ
C:\WORK\01-PROJECTS\60-VIDEO\VE\VEPRO\PRJ_WIN32\DEBUG\MOC_VSCRECORDERADD.OBJ
C:\WORK\01-PROJECTS\60-VIDEO\VE\VEPRO\PRJ_WIN32\DEBUG\MOC_VSCRECORDERCONF.OBJ
C:\WORK\01-PROJECTS\60-VIDEO\VE\VEPRO\PRJ_WIN32\DEBUG\MOC_VSCRECORDERONE.OBJ
C:\WORK\01-PROJECTS\60-VIDEO\VE\VEPRO\PRJ_WIN32\DEBUG\MOC_VSCSEARCH.OBJ
C:\WORK\01-PROJECTS\60-VIDEO\VE\VEPRO\PRJ_WIN32\DEBUG\MOC_VSCSETTING.OBJ
C:\WORK\01-PROJECTS\60-VIDEO\VE\VEPRO\PRJ_WIN32\DEBUG\MOC_VSCSIMPLETL.OBJ
C:\WORK\01-PROJECTS\60-VIDEO\VE\VEPRO\PRJ_WIN32\DEBUG\MOC_VSCSITEADD.OBJ
C:\WORK\01-PROJECTS\60-VIDEO\VE\VEPRO\PRJ_WIN32\DEBUG\MOC_VSCTOOLBAR.OBJ
C:\WORK\01-PROJECTS\60-VIDEO\VE\VEPRO\PRJ_WIN32\DEBUG\MOC_VSCVERSION.OBJ
C:\WORK\01-PROJECTS\60-VIDEO\VE\VEPRO\PRJ_WIN32\DEBUG\MOC_VSCVIDEOWALL.OBJ
C:\WORK\01-PROJECTS\60-VIDEO\VE\VEPRO\PRJ_WIN32\DEBUG\MOC_VSCVIEW.OBJ
C:\WORK\01-PROJECTS\60-VIDEO\VE\VEPRO\PRJ_WIN32\DEBUG\MOC_VSCVMS.OBJ
C:\WORK\01-PROJECTS\60-VIDEO\VE\VEPRO\PRJ_WIN32\DEBUG\MOC_VSCVWIDGET.OBJ
C:\work\01-projects\60-video\ve\vepro\prj_win32\Debug\mt.command.1.tlog
C:\work\01-projects\60-video\ve\vepro\prj_win32\Debug\mt.read.1.tlog
C:\work\01-projects\60-video\ve\vepro\prj_win32\Debug\mt.write.1.tlog
C:\WORK\01-PROJECTS\60-VIDEO\VE\VEPRO\PRJ_WIN32\DEBUG\QNETWORKINFO.OBJ
C:\WORK\01-PROJECTS\60-VIDEO\VE\VEPRO\PRJ_WIN32\DEBUG\QNETWORKINFO_WIN.OBJ
C:\WORK\01-PROJECTS\60-VIDEO\VE\VEPRO\PRJ_WIN32\DEBUG\QRC_VSCMAINWINDOWS.OBJ
C:\WORK\01-PROJECTS\60-VIDEO\VE\VEPRO\PRJ_WIN32\DEBUG\QSTORAGEINFO.OBJ
C:\WORK\01-PROJECTS\60-VIDEO\VE\VEPRO\PRJ_WIN32\DEBUG\QSTORAGEINFO_WIN.OBJ
C:\WORK\01-PROJECTS\60-VIDEO\VE\VEPRO\PRJ_WIN32\DEBUG\QWMIHELPER_WIN.OBJ
C:\work\01-projects\60-video\ve\vepro\prj_win32\Debug\rc.command.1.tlog
C:\work\01-projects\60-video\ve\vepro\prj_win32\Debug\rc.read.1.tlog
C:\work\01-projects\60-video\ve\vepro\prj_win32\Debug\rc.write.1.tlog
C:\work\01-projects\60-video\ve\vepro\prj_win32\Debug\vc100.idb
C:\WORK\01-PROJECTS\60-VIDEO\VE\VEPRO\PRJ_WIN32\DEBUG\VC100.PDB
C:\WORK\01-PROJECTS\60-VIDEO\VE\VEPRO\PRJ_WIN32\DEBUG\VIDEOWIDGET.OBJ
C:\WORK\01-PROJECTS\60-VIDEO\VE\VEPRO\PRJ_WIN32\DEBUG\VSCCAMERAADD.OBJ
C:\WORK\01-PROJECTS\60-VIDEO\VE\VEPRO\PRJ_WIN32\DEBUG\VSCDEVICEIPC.OBJ
C:\WORK\01-PROJECTS\60-VIDEO\VE\VEPRO\PRJ_WIN32\DEBUG\VSCDEVICELIST.OBJ
C:\WORK\01-PROJECTS\60-VIDEO\VE\VEPRO\PRJ_WIN32\DEBUG\VSCDEVICETRASH.OBJ
C:\WORK\01-PROJECTS\60-VIDEO\VE\VEPRO\PRJ_WIN32\DEBUG\VSCDEVICETREE.OBJ
C:\WORK\01-PROJECTS\60-VIDEO\VE\VEPRO\PRJ_WIN32\DEBUG\VSCDOCKWIDGET.OBJ
C:\WORK\01-PROJECTS\60-VIDEO\VE\VEPRO\PRJ_WIN32\DEBUG\VSCHDDDEVICE.OBJ
C:\WORK\01-PROJECTS\60-VIDEO\VE\VEPRO\PRJ_WIN32\DEBUG\VSCHDDEDIT.OBJ
C:\WORK\01-PROJECTS\60-VIDEO\VE\VEPRO\PRJ_WIN32\DEBUG\VSCHDDONE.OBJ
C:\WORK\01-PROJECTS\60-VIDEO\VE\VEPRO\PRJ_WIN32\DEBUG\VSCLICENSE.OBJ
C:\WORK\01-PROJECTS\60-VIDEO\VE\VEPRO\PRJ_WIN32\DEBUG\VSCLOUDNODE.EXE.INTERMEDIATE.MANIFEST
C:\WORK\01-PROJECTS\60-VIDEO\VE\VEPRO\PRJ_WIN32\DEBUG\VSCLOUDNODE.RES
C:\work\01-projects\60-video\ve\vepro\prj_win32\Debug\VSCloudNode.vcxprojResolveAssemblyReference.cache
C:\work\01-projects\60-video\ve\vepro\prj_win32\Debug\VSCloudNode.write.1.tlog
C:\WORK\01-PROJECTS\60-VIDEO\VE\VEPRO\PRJ_WIN32\DEBUG\VSCMAINWINDOWS.OBJ
C:\WORK\01-PROJECTS\60-VIDEO\VE\VEPRO\PRJ_WIN32\DEBUG\VSCPBTHREAD.OBJ
C:\WORK\01-PROJECTS\60-VIDEO\VE\VEPRO\PRJ_WIN32\DEBUG\VSCPLAYBACK.OBJ
C:\WORK\01-PROJECTS\60-VIDEO\VE\VEPRO\PRJ_WIN32\DEBUG\VSCPLAYCONTROL.OBJ
C:\WORK\01-PROJECTS\60-VIDEO\VE\VEPRO\PRJ_WIN32\DEBUG\VSCRECORDER.OBJ
C:\WORK\01-PROJECTS\60-VIDEO\VE\VEPRO\PRJ_WIN32\DEBUG\VSCRECORDERADD.OBJ
C:\WORK\01-PROJECTS\60-VIDEO\VE\VEPRO\PRJ_WIN32\DEBUG\VSCRECORDERCONF.OBJ
C:\WORK\01-PROJECTS\60-VIDEO\VE\VEPRO\PRJ_WIN32\DEBUG\VSCRECORDERONE.OBJ
C:\WORK\01-PROJECTS\60-VIDEO\VE\VEPRO\PRJ_WIN32\DEBUG\VSCSEARCH.OBJ
C:\WORK\01-PROJECTS\60-VIDEO\VE\VEPRO\PRJ_WIN32\DEBUG\VSCSETTING.OBJ
C:\WORK\01-PROJECTS\60-VIDEO\VE\VEPRO\PRJ_WIN32\DEBUG\VSCSIMPLETL.OBJ
C:\WORK\01-PROJECTS\60-VIDEO\VE\VEPRO\PRJ_WIN32\DEBUG\VSCSITEADD.OBJ
C:\WORK\01-PROJECTS\60-VIDEO\VE\VEPRO\PRJ_WIN32\DEBUG\VSCTOOBAR.OBJ
C:\WORK\01-PROJECTS\60-VIDEO\VE\VEPRO\PRJ_WIN32\DEBUG\VSCVERSION.OBJ
C:\WORK\01-PROJECTS\60-VIDEO\VE\VEPRO\PRJ_WIN32\DEBUG\VSCVIDEOWALL.OBJ
C:\WORK\01-PROJECTS\60-VIDEO\VE\VEPRO\PRJ_WIN32\DEBUG\VSCVIEW.OBJ
C:\WORK\01-PROJECTS\60-VIDEO\VE\VEPRO\PRJ_WIN32\DEBUG\VSCVMS.OBJ
C:\WORK\01-PROJECTS\60-VIDEO\VE\VEPRO\PRJ_WIN32\DEBUG\VSCVWIDGET.OBJ
C:\WORK\01-PROJECTS\60-VIDEO\VE\VEPRO\PRJ_WIN32\DEBUG\VSCZBTREEITEM.OBJ
C:\WORK\01-PROJECTS\60-VIDEO\VE\VEPRO\PRJ_WIN32\GENERATEDFILES\DEBUG\MOC_FACTORY.CPP
C:\WORK\01-PROJECTS\60-VIDEO\VE\VEPRO\PRJ_WIN32\GENERATEDFILES\DEBUG\MOC_QNETWORKINFO.CPP
C:\WORK\01-PROJECTS\60-VIDEO\VE\VEPRO\PRJ_WIN32\GENERATEDFILES\DEBUG\MOC_QNETWORKINFO_WIN_P.CPP
C:\WORK\01-PROJECTS\60-VIDEO\VE\VEPRO\PRJ_WIN32\GENERATEDFILES\DEBUG\MOC_QSTORAGEINFO.CPP
C:\WORK\01-PROJECTS\60-VIDEO\VE\VEPRO\PRJ_WIN32\GENERATEDFILES\DEBUG\MOC_QSTORAGEINFO_WIN_P.CPP
C:\WORK\01-PROJECTS\60-VIDEO\VE\VEPRO\PRJ_WIN32\GENERATEDFILES\DEBUG\MOC_QWMIHELPER_WIN_P.CPP
C:\WORK\01-PROJECTS\60-VIDEO\VE\VEPRO\PRJ_WIN32\GENERATEDFILES\DEBUG\MOC_VIDEOWIDGET.CPP
C:\WORK\01-PROJECTS\60-VIDEO\VE\VEPRO\PRJ_WIN32\GENERATEDFILES\DEBUG\MOC_VSCCAMERAADD.CPP
C:\WORK\01-PROJECTS\60-VIDEO\VE\VEPRO\PRJ_WIN32\GENERATEDFILES\DEBUG\MOC_VSCDEVICELIST.CPP
C:\WORK\01-PROJECTS\60-VIDEO\VE\VEPRO\PRJ_WIN32\GENERATEDFILES\DEBUG\MOC_VSCDEVICETRASH.CPP
C:\WORK\01-PROJECTS\60-VIDEO\VE\VEPRO\PRJ_WIN32\GENERATEDFILES\DEBUG\MOC_VSCDEVICETREE.CPP
C:\WORK\01-PROJECTS\60-VIDEO\VE\VEPRO\PRJ_WIN32\GENERATEDFILES\DEBUG\MOC_VSCDOCKWIDGET.CPP
C:\WORK\01-PROJECTS\60-VIDEO\VE\VEPRO\PRJ_WIN32\GENERATEDFILES\DEBUG\MOC_VSCHDDDEVICE.CPP
C:\WORK\01-PROJECTS\60-VIDEO\VE\VEPRO\PRJ_WIN32\GENERATEDFILES\DEBUG\MOC_VSCHDDEDIT.CPP
C:\WORK\01-PROJECTS\60-VIDEO\VE\VEPRO\PRJ_WIN32\GENERATEDFILES\DEBUG\MOC_VSCHDDONE.CPP
C:\WORK\01-PROJECTS\60-VIDEO\VE\VEPRO\PRJ_WIN32\GENERATEDFILES\DEBUG\MOC_VSCLICENSE.CPP
C:\WORK\01-PROJECTS\60-VIDEO\VE\VEPRO\PRJ_WIN32\GENERATEDFILES\DEBUG\MOC_VSCMAINWINDOWS.CPP
C:\WORK\01-PROJECTS\60-VIDEO\VE\VEPRO\PRJ_WIN32\GENERATEDFILES\DEBUG\MOC_VSCPBTHREAD.CPP
C:\WORK\01-PROJECTS\60-VIDEO\VE\VEPRO\PRJ_WIN32\GENERATEDFILES\DEBUG\MOC_VSCPLAYBACK.CPP
C:\WORK\01-PROJECTS\60-VIDEO\VE\VEPRO\PRJ_WIN32\GENERATEDFILES\DEBUG\MOC_VSCPLAYCONTROL.CPP
C:\WORK\01-PROJECTS\60-VIDEO\VE\VEPRO\PRJ_WIN32\GENERATEDFILES\DEBUG\MOC_VSCRECORDER.CPP
C:\WORK\01-PROJECTS\60-VIDEO\VE\VEPRO\PRJ_WIN32\GENERATEDFILES\DEBUG\MOC_VSCRECORDERADD.CPP
C:\WORK\01-PROJECTS\60-VIDEO\VE\VEPRO\PRJ_WIN32\GENERATEDFILES\DEBUG\MOC_VSCRECORDERCONF.CPP
C:\WORK\01-PROJECTS\60-VIDEO\VE\VEPRO\PRJ_WIN32\GENERATEDFILES\DEBUG\MOC_VSCRECORDERONE.CPP
C:\WORK\01-PROJECTS\60-VIDEO\VE\VEPRO\PRJ_WIN32\GENERATEDFILES\DEBUG\MOC_VSCRECORDERPANEL.CPP
C:\WORK\01-PROJECTS\60-VIDEO\VE\VEPRO\PRJ_WIN32\GENERATEDFILES\DEBUG\MOC_VSCSEARCH.CPP
C:\WORK\01-PROJECTS\60-VIDEO\VE\VEPRO\PRJ_WIN32\GENERATEDFILES\DEBUG\MOC_VSCSETTING.CPP
C:\WORK\01-PROJECTS\60-VIDEO\VE\VEPRO\PRJ_WIN32\GENERATEDFILES\DEBUG\MOC_VSCSIMPLETL.CPP
C:\WORK\01-PROJECTS\60-VIDEO\VE\VEPRO\PRJ_WIN32\GENERATEDFILES\DEBUG\MOC_VSCSITEADD.CPP
C:\WORK\01-PROJECTS\60-VIDEO\VE\VEPRO\PRJ_WIN32\GENERATEDFILES\DEBUG\MOC_VSCTOOLBAR.CPP
C:\WORK\01-PROJECTS\60-VIDEO\VE\VEPRO\PRJ_WIN32\GENERATEDFILES\DEBUG\MOC_VSCVERSION.CPP
C:\WORK\01-PROJECTS\60-VIDEO\VE\VEPRO\PRJ_WIN32\GENERATEDFILES\DEBUG\MOC_VSCVIDEOWALL.CPP
C:\WORK\01-PROJECTS\60-VIDEO\VE\VEPRO\PRJ_WIN32\GENERATEDFILES\DEBUG\MOC_VSCVIEW.CPP
C:\WORK\01-PROJECTS\60-VIDEO\VE\VEPRO\PRJ_WIN32\GENERATEDFILES\DEBUG\MOC_VSCVMS.CPP
C:\WORK\01-PROJECTS\60-VIDEO\VE\VEPRO\PRJ_WIN32\GENERATEDFILES\DEBUG\MOC_VSCVWIDGET.CPP
C:\WORK\01-PROJECTS\60-VIDEO\VE\VEPRO\PRJ_WIN32\GENERATEDFILES\QRC_VSCMAINWINDOWS.CPP
C:\WORK\01-PROJECTS\60-VIDEO\VE\VEPRO\PRJ_WIN32\GENERATEDFILES\UI_VSCCAMERAADD.H
C:\WORK\01-PROJECTS\60-VIDEO\VE\VEPRO\PRJ_WIN32\GENERATEDFILES\UI_VSCDEVICELIST.H
C:\WORK\01-PROJECTS\60-VIDEO\VE\VEPRO\PRJ_WIN32\GENERATEDFILES\UI_VSCHDDDEVICE.H
C:\WORK\01-PROJECTS\60-VIDEO\VE\VEPRO\PRJ_WIN32\GENERATEDFILES\UI_VSCHDDEDIT.H
C:\WORK\01-PROJECTS\60-VIDEO\VE\VEPRO\PRJ_WIN32\GENERATEDFILES\UI_VSCHDDONE.H
C:\WORK\01-PROJECTS\60-VIDEO\VE\VEPRO\PRJ_WIN32\GENERATEDFILES\UI_VSCLICENSE.H
C:\WORK\01-PROJECTS\60-VIDEO\VE\VEPRO\PRJ_WIN32\GENERATEDFILES\UI_VSCMAINWINDOWS.H
C:\WORK\01-PROJECTS\60-VIDEO\VE\VEPRO\PRJ_WIN32\GENERATEDFILES\UI_VSCPLAYBACK.H
C:\WORK\01-PROJECTS\60-VIDEO\VE\VEPRO\PRJ_WIN32\GENERATEDFILES\UI_VSCPLAYCONTROL.H
C:\WORK\01-PROJECTS\60-VIDEO\VE\VEPRO\PRJ_WIN32\GENERATEDFILES\UI_VSCRECORDERADD.H
C:\WORK\01-PROJECTS\60-VIDEO\VE\VEPRO\PRJ_WIN32\GENERATEDFILES\UI_VSCRECORDERCONF.H
C:\WORK\01-PROJECTS\60-VIDEO\VE\VEPRO\PRJ_WIN32\GENERATEDFILES\UI_VSCRECORDERONE.H
C:\WORK\01-PROJECTS\60-VIDEO\VE\VEPRO\PRJ_WIN32\GENERATEDFILES\UI_VSCSEARCH.H
C:\WORK\01-PROJECTS\60-VIDEO\VE\VEPRO\PRJ_WIN32\GENERATEDFILES\UI_VSCSETTING.H
C:\WORK\01-PROJECTS\60-VIDEO\VE\VEPRO\PRJ_WIN32\GENERATEDFILES\UI_VSCSIMPLETL.H
C:\WORK\01-PROJECTS\60-VIDEO\VE\VEPRO\PRJ_WIN32\GENERATEDFILES\UI_VSCSITEADD.H
C:\WORK\01-PROJECTS\60-VIDEO\VE\VEPRO\PRJ_WIN32\GENERATEDFILES\UI_VSCTOOLBAR.H
C:\WORK\01-PROJECTS\60-VIDEO\VE\VEPRO\PRJ_WIN32\GENERATEDFILES\UI_VSCVERSION.H
C:\WORK\01-PROJECTS\60-VIDEO\VE\VEPRO\PRJ_WIN32\GENERATEDFILES\UI_VSCVIEW.H
C:\WORK\01-PROJECTS\60-VIDEO\VE\VEPRO\PRJ_WIN32\GENERATEDFILES\UI_VSCVWIDGET.H
C:\WORK\01-PROJECTS\60-VIDEO\VE\VEPRO\PRJ_WIN32\WIN32\DEBUG\VDCEYE MANAGER.EXE
C:\WORK\01-PROJECTS\60-VIDEO\VE\VEPRO\PRJ_WIN32\WIN32\DEBUG\VDCEYE MANAGER.ILK
C:\work\01-projects\60-video\ve\vepro\prj_win32\Win32\Debug\VSCloudNode.exp
C:\work\01-projects\60-video\ve\vepro\prj_win32\Win32\Debug\VSCloudNode.lib
C:\WORK\01-PROJECTS\60-VIDEO\VE\VEPRO\PRJ_WIN32\WIN32\DEBUG\VSCLOUDNODE.PDB
