Build started 2014-02-17 19:49:21.
     1>Project "C:\work\03-vdc\github\vdc\vdc\win32\VSCloudNode.vcxproj" on node 2 (rebuild target(s)).
     1>_PrepareForClean:
         Deleting file "Release\VSCloudNode.lastbuildstate".
       InitializeBuildStatus:
         Creating "Release\VSCloudNode.unsuccessfulbuild" because "AlwaysCreate" was specified.
       CustomBuild:
         Rcc'ing ..\main\vscmainwindows.qrc...
         Uic'ing ..\main\vscview.ui...
         Moc'ing vscvwidget.h...
         Moc'ing vscvideowall.h...
         Moc'ing vscdevicelist.h...
         Moc'ing vscdockwidget.h...
         Moc'ing vscmainwindows.h...
         Moc'ing vscview.h...
         Moc'ing vscdevicetree.h...
         Moc'ing vsccameraadd.h...
         Moc'ing vscdevicetrash.h...
         Moc'ing vscsearch.h...
         Moc'ing vscplaycontrol.h...
         Moc'ing videowidget.h...
         Uic'ing ..\main\vscmainwindows.ui...
         Uic'ing ..\main\vscdevicelist.ui...
         Uic'ing ..\main\vsccameraadd.ui...
         Uic'ing ..\main\vscsearch.ui...
         Uic'ing ..\main\vscplaycontrol.ui...
         Uic'ing ..\vwidget\vscvwidget.ui...
       ClCompile:
         c:\Program Files (x86)\Microsoft Visual Studio 10.0\VC\bin\CL.exe /c /I.\GeneratedFiles /I. /IC:\Qt\Qt5.0.2\5.0.2\msvc2010\include /I.\GeneratedFiles\Release /IC:\Qt\Qt5.0.2\5.0.2\msvc2010\include\QtCore /IC:\Qt\Qt5.0.2\5.0.2\msvc2010\include\QtGui /IC:\Qt\Qt5.0.2\5.0.2\msvc2010\include\QtMultimedia /IC:\Qt\Qt5.0.2\5.0.2\msvc2010\include\QtMultimediaWidgets /IC:\Qt\Qt5.0.2\5.0.2\msvc2010\include\QtNetwork /IC:\Qt\Qt5.0.2\5.0.2\msvc2010\include\QtQml /IC:\Qt\Qt5.0.2\5.0.2\msvc2010\include\QtQuick /IC:\Qt\Qt5.0.2\5.0.2\msvc2010\include\QtSql /IC:\Qt\Qt5.0.2\5.0.2\msvc2010\include\QtWebKit /IC:\Qt\Qt5.0.2\5.0.2\msvc2010\include\ActiveQt /IC:\Qt\Qt5.0.2\5.0.2\msvc2010\include\QtConcurrent /IC:\Qt\Qt5.0.2\5.0.2\msvc2010\include\QtHelp /IC:\Qt\Qt5.0.2\5.0.2\msvc2010\include\QtOpenGL /IC:\Qt\Qt5.0.2\5.0.2\msvc2010\include\QtPrintSupport /IC:\Qt\Qt5.0.2\5.0.2\msvc2010\include\QtScript /IC:\Qt\Qt5.0.2\5.0.2\msvc2010\include\QtSvg /IC:\Qt\Qt5.0.2\5.0.2\msvc2010\include\QtWebkitWidgets /IC:\Qt\Qt5.0.2\5.0.2\msvc2010\include\QtWidgets /IC:\Qt\Qt5.0.2\5.0.2\msvc2010\include\QtXml /IC:\Qt\Qt5.0.2\5.0.2\msvc2010\include\QtXmlPatterns /I..\main /I..\vwidget /I"..\..\3rdparty\ffmpeg-54\include" /I..\..\3rdparty\TinyThread++\source\ /I..\..\devices\include /I..\..\3rdparty\leveldb\include /I..\..\utility\ /I..\..\3rdparty\libcli\libcli\src\ /I..\..\3rdparty\libcli\libcli\src\libcli /I..\..\3rdparty\libcli\libcli\src\plib\ /I"..\..\3rdparty\poco-1.4.6p1\Foundation\include\\" /I"..\..\3rdparty\poco-1.4.6p1\Net\include\\" /I"..\..\3rdparty\poco-1.4.6p1\Util\include" /I..\..\3rdparty\onvifc\include\ /I"C:\gstreamer-sdk\0.10\x86\\include\gstreamer-0.10" /I"C:\gstreamer-sdk\0.10\x86\\include\libxml2" /I"C:\gstreamer-sdk\0.10\x86\\include\glib-2.0" /I"C:\gstreamer-sdk\0.10\x86\\lib\glib-2.0\include" /I"C:\gstreamer-sdk\0.10\x86\\include" /nologo /W1 /WX- /O2 /Oy- /D UNICODE /D WIN32 /D QT_DLL /D QT_NO_DEBUG /D NDEBUG /D QT_CORE_LIB /D QT_GUI_LIB /D QT_MULTIMEDIA_LIB /D QT_MULTIMEDIAWIDGETS_LIB /D QT_NETWORK_LIB /D QT_QML_LIB /D QT_QUICK_LIB /D QT_SQL_LIB /D QT_CONCURRENT_LIB /D QT_HELP_LIB /D QT_OPENGL_LIB /D QT_PRINTSUPPORT_LIB /D QT_SCRIPT_LIB /D QT_SVG_LIB /D QT_WEBKITWIDGETS_LIB /D QT_WIDGETS_LIB /D QT_XML_LIB /D QT_XMLPATTERNS_LIB /D _UNICODE /D UNICODE /Gm- /EHsc /MD /GS /fp:precise /Zc:wchar_t- /Zc:forScope /Fo"Release\\" /Fd"Release\vc100.pdb" /Gd /TP /analyze- /errorReport:prompt ..\main\main.cpp ..\main\vsccameraadd.cpp ..\main\vscdeviceipc.cpp ..\main\vscdevicelist.cpp ..\main\vscdevicetrash.cpp ..\main\vscdevicetree.cpp ..\main\vscdockwidget.cpp ..\main\vscmainwindows.cpp ..\main\vscplaycontrol.cpp ..\main\vscsearch.cpp ..\main\vscview.cpp ..\vwidget\videowidget.cpp ..\vwidget\vscvideowall.cpp ..\vwidget\vscvwidget.cpp GeneratedFiles\Release\moc_videowidget.cpp GeneratedFiles\Release\moc_vsccameraadd.cpp GeneratedFiles\Release\moc_vscdevicelist.cpp GeneratedFiles\Release\moc_vscdevicetrash.cpp GeneratedFiles\Release\moc_vscdevicetree.cpp GeneratedFiles\Release\moc_vscdockwidget.cpp GeneratedFiles\Release\moc_vscmainwindows.cpp GeneratedFiles\Release\moc_vscplaycontrol.cpp GeneratedFiles\Release\moc_vscsearch.cpp GeneratedFiles\Release\moc_vscvideowall.cpp GeneratedFiles\Release\moc_vscview.cpp GeneratedFiles\Release\moc_vscvwidget.cpp
         main.cpp
         vsccameraadd.cpp
         vscdeviceipc.cpp
         vscdevicelist.cpp
         vscdevicetrash.cpp
         vscdevicetree.cpp
         vscdockwidget.cpp
         vscmainwindows.cpp
         vscplaycontrol.cpp
         vscsearch.cpp
         vscview.cpp
         videowidget.cpp
         vscvideowall.cpp
         vscvwidget.cpp
     1>..\vwidget\vscvwidget.cpp(201): warning C4805: '==' : unsafe mix of type 'BOOL' and type 'bool' in operation
     1>..\vwidget\vscvwidget.cpp(220): warning C4805: '==' : unsafe mix of type 'BOOL' and type 'bool' in operation
         moc_videowidget.cpp
         moc_vsccameraadd.cpp
         moc_vscdevicelist.cpp
         moc_vscdevicetrash.cpp
         moc_vscdevicetree.cpp
         moc_vscdockwidget.cpp
         Generating Code...
         Compiling...
         moc_vscmainwindows.cpp
         moc_vscplaycontrol.cpp
         moc_vscsearch.cpp
         moc_vscvideowall.cpp
         moc_vscview.cpp
         moc_vscvwidget.cpp
         Generating Code...
         c:\Program Files (x86)\Microsoft Visual Studio 10.0\VC\bin\CL.exe /c /I.\GeneratedFiles /I. /IC:\Qt\Qt5.0.2\5.0.2\msvc2010\include /I.\GeneratedFiles\Release /IC:\Qt\Qt5.0.2\5.0.2\msvc2010\include\QtCore /IC:\Qt\Qt5.0.2\5.0.2\msvc2010\include\QtGui /IC:\Qt\Qt5.0.2\5.0.2\msvc2010\include\QtMultimedia /IC:\Qt\Qt5.0.2\5.0.2\msvc2010\include\QtMultimediaWidgets /IC:\Qt\Qt5.0.2\5.0.2\msvc2010\include\QtNetwork /IC:\Qt\Qt5.0.2\5.0.2\msvc2010\include\QtQml /IC:\Qt\Qt5.0.2\5.0.2\msvc2010\include\QtQuick /IC:\Qt\Qt5.0.2\5.0.2\msvc2010\include\QtSql /IC:\Qt\Qt5.0.2\5.0.2\msvc2010\include\QtWebKit /IC:\Qt\Qt5.0.2\5.0.2\msvc2010\include\ActiveQt /IC:\Qt\Qt5.0.2\5.0.2\msvc2010\include\QtConcurrent /IC:\Qt\Qt5.0.2\5.0.2\msvc2010\include\QtHelp /IC:\Qt\Qt5.0.2\5.0.2\msvc2010\include\QtOpenGL /IC:\Qt\Qt5.0.2\5.0.2\msvc2010\include\QtPrintSupport /IC:\Qt\Qt5.0.2\5.0.2\msvc2010\include\QtScript /IC:\Qt\Qt5.0.2\5.0.2\msvc2010\include\QtSvg /IC:\Qt\Qt5.0.2\5.0.2\msvc2010\include\QtWebkitWidgets /IC:\Qt\Qt5.0.2\5.0.2\msvc2010\include\QtWidgets /IC:\Qt\Qt5.0.2\5.0.2\msvc2010\include\QtXml /IC:\Qt\Qt5.0.2\5.0.2\msvc2010\include\QtXmlPatterns /I..\main /I..\vwidget /I"..\..\3rdparty\ffmpeg-54\include" /I..\..\3rdparty\TinyThread++\source\ /I..\..\devices\include /I..\..\3rdparty\leveldb\include /I..\..\utility\ /I..\..\3rdparty\libcli\libcli\src\ /I..\..\3rdparty\libcli\libcli\src\libcli /I..\..\3rdparty\libcli\libcli\src\plib\ /I"..\..\3rdparty\poco-1.4.6p1\Foundation\include\\" /I"..\..\3rdparty\poco-1.4.6p1\Net\include\\" /I"..\..\3rdparty\poco-1.4.6p1\Util\include" /I..\..\3rdparty\onvifc\include\ /I"C:\gstreamer-sdk\0.10\x86\\include\gstreamer-0.10" /I"C:\gstreamer-sdk\0.10\x86\\include\libxml2" /I"C:\gstreamer-sdk\0.10\x86\\include\glib-2.0" /I"C:\gstreamer-sdk\0.10\x86\\lib\glib-2.0\include" /I"C:\gstreamer-sdk\0.10\x86\\include" /nologo /W1 /WX- /O2 /Oy- /D UNICODE /D WIN32 /D QT_DLL /D QT_NO_DEBUG /D NDEBUG /D QT_CORE_LIB /D QT_GUI_LIB /D QT_MULTIMEDIA_LIB /D QT_MULTIMEDIAWIDGETS_LIB /D QT_NETWORK_LIB /D QT_QML_LIB /D QT_QUICK_LIB /D QT_SQL_LIB /D QT_CONCURRENT_LIB /D QT_HELP_LIB /D QT_OPENGL_LIB /D QT_PRINTSUPPORT_LIB /D QT_SCRIPT_LIB /D QT_SVG_LIB /D QT_WEBKITWIDGETS_LIB /D QT_WIDGETS_LIB /D QT_XML_LIB /D QT_XMLPATTERNS_LIB /D _UNICODE /D UNICODE /Gm- /EHsc /MD /GS /fp:precise /Zc:wchar_t- /Zc:forScope /Fo"Release\\" /Fd"Release\vc100.pdb" /Gd /TP /analyze- /errorReport:prompt GeneratedFiles\qrc_vscmainwindows.cpp
         qrc_vscmainwindows.cpp
       ResourceCompile:
         C:\Program Files (x86)\Microsoft SDKs\Windows\v7.0A\bin\rc.exe /D _UNICODE /D UNICODE /l"0x0409" /nologo /fo"Release\VSCloudNode.res" VSCloudNode.rc 
     1>C:\Program Files (x86)\MSBuild\Microsoft.Cpp\v4.0\Microsoft.CppBuild.targets(990,5): warning MSB8012: TargetPath(C:\work\03-vdc\github\vdc\vdc\win32\Win32\Release\VSCloudNode.exe) does not match the Linker's OutputFile property value (C:\work\03-vdc\github\vdc\vdc\win32\Win32\Release\vdcEye viewer.exe). This may cause your project to build incorrectly. To correct this, please make sure that $(OutDir), $(TargetName) and $(TargetExt) property values match the value specified in %(Link.OutputFile).
     1>C:\Program Files (x86)\MSBuild\Microsoft.Cpp\v4.0\Microsoft.CppBuild.targets(992,5): warning MSB8012: TargetName(VSCloudNode) does not match the Linker's OutputFile property value (vdcEye viewer). This may cause your project to build incorrectly. To correct this, please make sure that $(OutDir), $(TargetName) and $(TargetExt) property values match the value specified in %(Link.OutputFile).
       Link:
         c:\Program Files (x86)\Microsoft Visual Studio 10.0\VC\bin\link.exe /ERRORREPORT:PROMPT /OUT:"C:\work\03-vdc\github\vdc\vdc\win32\Win32\Release\\vdcEye viewer.exe" /NOLOGO /LIBPATH:C:\Qt\Qt5.0.2\5.0.2\msvc2010\lib /LIBPATH:"..\..\3rdparty\ffmpeg-54\lib" /LIBPATH:..\..\3rdparty\TinyThread++\build\vc10\Release /LIBPATH:..\..\3rdparty\leveldb\win32_proj\Release /LIBPATH:"..\..\3rdparty\poco-1.4.6p1\lib\\" /LIBPATH:..\..\3rdparty\libcli\Release\ /LIBPATH:..\..\3rdparty\onvifc\lib\Release\ /LIBPATH:"C:\gstreamer-sdk\0.10\x86\\lib" qtmain.lib Qt5Core.lib Qt5Gui.lib Qt5Multimedia.lib Qt5MultimediaWidgets.lib Qt5Network.lib Qt5Qml.lib Qt5Quick.lib Qt5Sql.lib Qt5WebKit.lib Qt5AxContainer.lib Qt5AxBase.lib Qt5Concurrent.lib Qt5Help.lib Qt5OpenGL.lib opengl32.lib glu32.lib Qt5PrintSupport.lib Qt5Script.lib Qt5Svg.lib Qt5WebkitWidgets.lib Qt5Widgets.lib Qt5Xml.lib Qt5XmlPatterns.lib avcodec.lib avformat.lib avutil.lib swscale.lib TinyThread++.lib wsock32.lib leveldb.lib memenv.lib libcli.lib onvifc.lib "gstinterfaces-0.10.lib" "gstreamer-0.10.lib" xml2.lib "gthread-2.0.lib" "gmodule-2.0.lib" "gobject-2.0.lib" "glib-2.0.lib" kernel32.lib user32.lib gdi32.lib winspool.lib comdlg32.lib advapi32.lib shell32.lib ole32.lib oleaut32.lib uuid.lib odbc32.lib odbccp32.lib /MANIFEST /ManifestFile:"Release\VSCloudNode.exe.intermediate.manifest" /MANIFESTUAC:"level='asInvoker' uiAccess='false'" /PDB:"C:\work\03-vdc\github\vdc\vdc\win32\Win32\Release\VSCloudNode.pdb" /SUBSYSTEM:CONSOLE /OPT:NOREF /TLBID:1 /DYNAMICBASE /NXCOMPAT /IMPLIB:"C:\work\03-vdc\github\vdc\vdc\win32\Win32\Release\VSCloudNode.lib" /MACHINE:X86 Release\VSCloudNode.res
         Release\main.obj
         Release\vsccameraadd.obj
         Release\vscdeviceipc.obj
         Release\vscdevicelist.obj
         Release\vscdevicetrash.obj
         Release\vscdevicetree.obj
         Release\vscdockwidget.obj
         Release\vscmainwindows.obj
         Release\vscplaycontrol.obj
         Release\vscsearch.obj
         Release\vscview.obj
         Release\videowidget.obj
         Release\vscvideowall.obj
         Release\vscvwidget.obj
         Release\qrc_vscmainwindows.obj
         Release\moc_videowidget.obj
         Release\moc_vsccameraadd.obj
         Release\moc_vscdevicelist.obj
         Release\moc_vscdevicetrash.obj
         Release\moc_vscdevicetree.obj
         Release\moc_vscdockwidget.obj
         Release\moc_vscmainwindows.obj
         Release\moc_vscplaycontrol.obj
         Release\moc_vscsearch.obj
         Release\moc_vscvideowall.obj
         Release\moc_vscview.obj
         Release\moc_vscvwidget.obj
         TinyThread++.lib(tinythread.obj) : MSIL .netmodule or module compiled with /GL found; restarting link with /LTCG; add /LTCG to the link command line to improve linker performance
         Generating code
         Finished generating code
         VSCloudNode.vcxproj -> C:\work\03-vdc\github\vdc\vdc\win32\Win32\Release\VSCloudNode.exe
       Manifest:
         C:\Program Files (x86)\Microsoft SDKs\Windows\v7.0A\bin\mt.exe /nologo /verbose /outputresource:"C:\work\03-vdc\github\vdc\vdc\win32\Win32\Release\\vdcEye viewer.exe;#1" /manifest Release\VSCloudNode.exe.intermediate.manifest
       FinalizeBuildStatus:
         Deleting file "Release\VSCloudNode.unsuccessfulbuild".
         Touching "Release\VSCloudNode.lastbuildstate".
     1>Done Building Project "C:\work\03-vdc\github\vdc\vdc\win32\VSCloudNode.vcxproj" (rebuild target(s)).

Build succeeded.

Time Elapsed 00:01:16.95
