C:\WORK\03-VDC\GITHUB\VDC\VDC\WIN32\GENERATEDFILES\QRC_VSCMAINWINDOWS.CPP
C:\WORK\03-VDC\GITHUB\VDC\VDC\WIN32\GENERATEDFILES\RELEASE\MOC_VIDEOWIDGET.CPP
C:\WORK\03-VDC\GITHUB\VDC\VDC\WIN32\GENERATEDFILES\RELEASE\MOC_VSCCAMERAADD.CPP
C:\WORK\03-VDC\GITHUB\VDC\VDC\WIN32\GENERATEDFILES\RELEASE\MOC_VSCDEVICELIST.CPP
C:\WORK\03-VDC\GITHUB\VDC\VDC\WIN32\GENERATEDFILES\RELEASE\MOC_VSCDEVICETRASH.CPP
C:\WORK\03-VDC\GITHUB\VDC\VDC\WIN32\GENERATEDFILES\RELEASE\MOC_VSCDEVICETREE.CPP
C:\WORK\03-VDC\GITHUB\VDC\VDC\WIN32\GENERATEDFILES\RELEASE\MOC_VSCDOCKWIDGET.CPP
C:\WORK\03-VDC\GITHUB\VDC\VDC\WIN32\GENERATEDFILES\RELEASE\MOC_VSCMAINWINDOWS.CPP
C:\WORK\03-VDC\GITHUB\VDC\VDC\WIN32\GENERATEDFILES\RELEASE\MOC_VSCPLAYCONTROL.CPP
C:\WORK\03-VDC\GITHUB\VDC\VDC\WIN32\GENERATEDFILES\RELEASE\MOC_VSCSEARCH.CPP
C:\WORK\03-VDC\GITHUB\VDC\VDC\WIN32\GENERATEDFILES\RELEASE\MOC_VSCVIDEOWALL.CPP
C:\WORK\03-VDC\GITHUB\VDC\VDC\WIN32\GENERATEDFILES\RELEASE\MOC_VSCVIEW.CPP
C:\WORK\03-VDC\GITHUB\VDC\VDC\WIN32\GENERATEDFILES\RELEASE\MOC_VSCVWIDGET.CPP
C:\WORK\03-VDC\GITHUB\VDC\VDC\WIN32\GENERATEDFILES\UI_VSCCAMERAADD.H
C:\WORK\03-VDC\GITHUB\VDC\VDC\WIN32\GENERATEDFILES\UI_VSCDEVICELIST.H
C:\WORK\03-VDC\GITHUB\VDC\VDC\WIN32\GENERATEDFILES\UI_VSCMAINWINDOWS.H
C:\WORK\03-VDC\GITHUB\VDC\VDC\WIN32\GENERATEDFILES\UI_VSCPLAYCONTROL.H
C:\WORK\03-VDC\GITHUB\VDC\VDC\WIN32\GENERATEDFILES\UI_VSCSEARCH.H
C:\WORK\03-VDC\GITHUB\VDC\VDC\WIN32\GENERATEDFILES\UI_VSCVIEW.H
C:\WORK\03-VDC\GITHUB\VDC\VDC\WIN32\GENERATEDFILES\UI_VSCVWIDGET.H
C:\work\03-vdc\github\vdc\vdc\win32\Release\cl.command.1.tlog
C:\work\03-vdc\github\vdc\vdc\win32\Release\CL.read.1.tlog
C:\work\03-vdc\github\vdc\vdc\win32\Release\CL.write.1.tlog
C:\work\03-vdc\github\vdc\vdc\win32\Release\custombuild.command.1.tlog
C:\work\03-vdc\github\vdc\vdc\win32\Release\custombuild.read.1.tlog
C:\work\03-vdc\github\vdc\vdc\win32\Release\custombuild.write.1.tlog
C:\work\03-vdc\github\vdc\vdc\win32\Release\link.9608.read.1.tlog
C:\work\03-vdc\github\vdc\vdc\win32\Release\link.9608.write.1.tlog
C:\work\03-vdc\github\vdc\vdc\win32\Release\link.9608-cvtres.read.1.tlog
C:\work\03-vdc\github\vdc\vdc\win32\Release\link.9608-cvtres.write.1.tlog
C:\work\03-vdc\github\vdc\vdc\win32\Release\link.command.1.tlog
C:\work\03-vdc\github\vdc\vdc\win32\Release\link.read.1.tlog
C:\work\03-vdc\github\vdc\vdc\win32\Release\link.write.1.tlog
C:\WORK\03-VDC\GITHUB\VDC\VDC\WIN32\RELEASE\MAIN.OBJ
C:\WORK\03-VDC\GITHUB\VDC\VDC\WIN32\RELEASE\MOC_VIDEOWIDGET.OBJ
C:\WORK\03-VDC\GITHUB\VDC\VDC\WIN32\RELEASE\MOC_VSCCAMERAADD.OBJ
C:\WORK\03-VDC\GITHUB\VDC\VDC\WIN32\RELEASE\MOC_VSCDEVICELIST.OBJ
C:\WORK\03-VDC\GITHUB\VDC\VDC\WIN32\RELEASE\MOC_VSCDEVICETRASH.OBJ
C:\WORK\03-VDC\GITHUB\VDC\VDC\WIN32\RELEASE\MOC_VSCDEVICETREE.OBJ
C:\WORK\03-VDC\GITHUB\VDC\VDC\WIN32\RELEASE\MOC_VSCDOCKWIDGET.OBJ
C:\WORK\03-VDC\GITHUB\VDC\VDC\WIN32\RELEASE\MOC_VSCMAINWINDOWS.OBJ
C:\WORK\03-VDC\GITHUB\VDC\VDC\WIN32\RELEASE\MOC_VSCPLAYCONTROL.OBJ
C:\WORK\03-VDC\GITHUB\VDC\VDC\WIN32\RELEASE\MOC_VSCSEARCH.OBJ
C:\WORK\03-VDC\GITHUB\VDC\VDC\WIN32\RELEASE\MOC_VSCVIDEOWALL.OBJ
C:\WORK\03-VDC\GITHUB\VDC\VDC\WIN32\RELEASE\MOC_VSCVIEW.OBJ
C:\WORK\03-VDC\GITHUB\VDC\VDC\WIN32\RELEASE\MOC_VSCVWIDGET.OBJ
C:\work\03-vdc\github\vdc\vdc\win32\Release\mt.command.1.tlog
C:\work\03-vdc\github\vdc\vdc\win32\Release\mt.read.1.tlog
C:\work\03-vdc\github\vdc\vdc\win32\Release\mt.write.1.tlog
C:\WORK\03-VDC\GITHUB\VDC\VDC\WIN32\RELEASE\QRC_VSCMAINWINDOWS.OBJ
C:\work\03-vdc\github\vdc\vdc\win32\Release\rc.command.1.tlog
C:\work\03-vdc\github\vdc\vdc\win32\Release\rc.read.1.tlog
C:\work\03-vdc\github\vdc\vdc\win32\Release\rc.write.1.tlog
C:\WORK\03-VDC\GITHUB\VDC\VDC\WIN32\RELEASE\VIDEOWIDGET.OBJ
C:\WORK\03-VDC\GITHUB\VDC\VDC\WIN32\RELEASE\VSCCAMERAADD.OBJ
C:\WORK\03-VDC\GITHUB\VDC\VDC\WIN32\RELEASE\VSCDEVICEIPC.OBJ
C:\WORK\03-VDC\GITHUB\VDC\VDC\WIN32\RELEASE\VSCDEVICELIST.OBJ
C:\WORK\03-VDC\GITHUB\VDC\VDC\WIN32\RELEASE\VSCDEVICETRASH.OBJ
C:\WORK\03-VDC\GITHUB\VDC\VDC\WIN32\RELEASE\VSCDEVICETREE.OBJ
C:\WORK\03-VDC\GITHUB\VDC\VDC\WIN32\RELEASE\VSCDOCKWIDGET.OBJ
C:\WORK\03-VDC\GITHUB\VDC\VDC\WIN32\RELEASE\VSCLOUDNODE.EXE.INTERMEDIATE.MANIFEST
C:\WORK\03-VDC\GITHUB\VDC\VDC\WIN32\RELEASE\VSCLOUDNODE.RES
C:\work\03-vdc\github\vdc\vdc\win32\Release\VSCloudNode.write.1.tlog
C:\WORK\03-VDC\GITHUB\VDC\VDC\WIN32\RELEASE\VSCMAINWINDOWS.OBJ
C:\WORK\03-VDC\GITHUB\VDC\VDC\WIN32\RELEASE\VSCPLAYCONTROL.OBJ
C:\WORK\03-VDC\GITHUB\VDC\VDC\WIN32\RELEASE\VSCSEARCH.OBJ
C:\WORK\03-VDC\GITHUB\VDC\VDC\WIN32\RELEASE\VSCVIDEOWALL.OBJ
C:\WORK\03-VDC\GITHUB\VDC\VDC\WIN32\RELEASE\VSCVIEW.OBJ
C:\WORK\03-VDC\GITHUB\VDC\VDC\WIN32\RELEASE\VSCVWIDGET.OBJ
C:\WORK\03-VDC\GITHUB\VDC\VDC\WIN32\WIN32\RELEASE\VDCEYE VIEWER.EXE
