C:\WORK\01-PROJECTS\50-VR\VDC\VDC\WIN32\DEBUG\MAIN.OBJ
C:\WORK\01-PROJECTS\50-VR\VDC\VDC\WIN32\DEBUG\MOC_VIDEOWIDGET.OBJ
C:\WORK\01-PROJECTS\50-VR\VDC\VDC\WIN32\DEBUG\MOC_VSCCAMERAADD.OBJ
C:\WORK\01-PROJECTS\50-VR\VDC\VDC\WIN32\DEBUG\MOC_VSCDEVICELIST.OBJ
C:\WORK\01-PROJECTS\50-VR\VDC\VDC\WIN32\DEBUG\MOC_VSCDEVICETRASH.OBJ
C:\WORK\01-PROJECTS\50-VR\VDC\VDC\WIN32\DEBUG\MOC_VSCDEVICETREE.OBJ
C:\WORK\01-PROJECTS\50-VR\VDC\VDC\WIN32\DEBUG\MOC_VSCDOCKWIDGET.OBJ
C:\WORK\01-PROJECTS\50-VR\VDC\VDC\WIN32\DEBUG\MOC_VSCMAINWINDOWS.OBJ
C:\WORK\01-PROJECTS\50-VR\VDC\VDC\WIN32\DEBUG\MOC_VSCPLAYCONTROL.OBJ
C:\WORK\01-PROJECTS\50-VR\VDC\VDC\WIN32\DEBUG\MOC_VSCSEARCH.OBJ
C:\WORK\01-PROJECTS\50-VR\VDC\VDC\WIN32\DEBUG\MOC_VSCVIDEOWALL.OBJ
C:\WORK\01-PROJECTS\50-VR\VDC\VDC\WIN32\DEBUG\MOC_VSCVIEW.OBJ
C:\WORK\01-PROJECTS\50-VR\VDC\VDC\WIN32\DEBUG\MOC_VSCVWIDGET.OBJ
C:\WORK\01-PROJECTS\50-VR\VDC\VDC\WIN32\DEBUG\QRC_VSCMAINWINDOWS.OBJ
C:\WORK\01-PROJECTS\50-VR\VDC\VDC\WIN32\DEBUG\VC100.PDB
C:\WORK\01-PROJECTS\50-VR\VDC\VDC\WIN32\DEBUG\VIDEOWIDGET.OBJ
C:\WORK\01-PROJECTS\50-VR\VDC\VDC\WIN32\DEBUG\VSCCAMERAADD.OBJ
C:\WORK\01-PROJECTS\50-VR\VDC\VDC\WIN32\DEBUG\VSCDEVICEIPC.OBJ
C:\WORK\01-PROJECTS\50-VR\VDC\VDC\WIN32\DEBUG\VSCDEVICELIST.OBJ
C:\WORK\01-PROJECTS\50-VR\VDC\VDC\WIN32\DEBUG\VSCDEVICETRASH.OBJ
C:\WORK\01-PROJECTS\50-VR\VDC\VDC\WIN32\DEBUG\VSCDEVICETREE.OBJ
C:\WORK\01-PROJECTS\50-VR\VDC\VDC\WIN32\DEBUG\VSCDOCKWIDGET.OBJ
C:\WORK\01-PROJECTS\50-VR\VDC\VDC\WIN32\DEBUG\VSCLOUDNODE.EXE.INTERMEDIATE.MANIFEST
C:\WORK\01-PROJECTS\50-VR\VDC\VDC\WIN32\DEBUG\VSCLOUDNODE.RES
C:\WORK\01-PROJECTS\50-VR\VDC\VDC\WIN32\DEBUG\VSCMAINWINDOWS.OBJ
C:\WORK\01-PROJECTS\50-VR\VDC\VDC\WIN32\DEBUG\VSCPLAYCONTROL.OBJ
C:\WORK\01-PROJECTS\50-VR\VDC\VDC\WIN32\DEBUG\VSCSEARCH.OBJ
C:\WORK\01-PROJECTS\50-VR\VDC\VDC\WIN32\DEBUG\VSCVIDEOWALL.OBJ
C:\WORK\01-PROJECTS\50-VR\VDC\VDC\WIN32\DEBUG\VSCVIEW.OBJ
C:\WORK\01-PROJECTS\50-VR\VDC\VDC\WIN32\DEBUG\VSCVWIDGET.OBJ
C:\WORK\01-PROJECTS\50-VR\VDC\VDC\WIN32\GENERATEDFILES\DEBUG\MOC_VIDEOWIDGET.CPP
C:\WORK\01-PROJECTS\50-VR\VDC\VDC\WIN32\GENERATEDFILES\DEBUG\MOC_VSCCAMERAADD.CPP
C:\WORK\01-PROJECTS\50-VR\VDC\VDC\WIN32\GENERATEDFILES\DEBUG\MOC_VSCDEVICELIST.CPP
C:\WORK\01-PROJECTS\50-VR\VDC\VDC\WIN32\GENERATEDFILES\DEBUG\MOC_VSCDEVICETRASH.CPP
C:\WORK\01-PROJECTS\50-VR\VDC\VDC\WIN32\GENERATEDFILES\DEBUG\MOC_VSCDEVICETREE.CPP
C:\WORK\01-PROJECTS\50-VR\VDC\VDC\WIN32\GENERATEDFILES\DEBUG\MOC_VSCDOCKWIDGET.CPP
C:\WORK\01-PROJECTS\50-VR\VDC\VDC\WIN32\GENERATEDFILES\DEBUG\MOC_VSCMAINWINDOWS.CPP
C:\WORK\01-PROJECTS\50-VR\VDC\VDC\WIN32\GENERATEDFILES\DEBUG\MOC_VSCPLAYCONTROL.CPP
C:\WORK\01-PROJECTS\50-VR\VDC\VDC\WIN32\GENERATEDFILES\DEBUG\MOC_VSCSEARCH.CPP
C:\WORK\01-PROJECTS\50-VR\VDC\VDC\WIN32\GENERATEDFILES\DEBUG\MOC_VSCVIDEOWALL.CPP
C:\WORK\01-PROJECTS\50-VR\VDC\VDC\WIN32\GENERATEDFILES\DEBUG\MOC_VSCVIEW.CPP
C:\WORK\01-PROJECTS\50-VR\VDC\VDC\WIN32\GENERATEDFILES\DEBUG\MOC_VSCVWIDGET.CPP
C:\WORK\01-PROJECTS\50-VR\VDC\VDC\WIN32\GENERATEDFILES\QRC_VSCMAINWINDOWS.CPP
C:\WORK\01-PROJECTS\50-VR\VDC\VDC\WIN32\GENERATEDFILES\UI_VSCCAMERAADD.H
C:\WORK\01-PROJECTS\50-VR\VDC\VDC\WIN32\GENERATEDFILES\UI_VSCDEVICELIST.H
C:\WORK\01-PROJECTS\50-VR\VDC\VDC\WIN32\GENERATEDFILES\UI_VSCMAINWINDOWS.H
C:\WORK\01-PROJECTS\50-VR\VDC\VDC\WIN32\GENERATEDFILES\UI_VSCPLAYCONTROL.H
C:\WORK\01-PROJECTS\50-VR\VDC\VDC\WIN32\GENERATEDFILES\UI_VSCSEARCH.H
C:\WORK\01-PROJECTS\50-VR\VDC\VDC\WIN32\GENERATEDFILES\UI_VSCVIEW.H
C:\WORK\01-PROJECTS\50-VR\VDC\VDC\WIN32\GENERATEDFILES\UI_VSCVWIDGET.H
C:\WORK\01-PROJECTS\50-VR\VDC\VDC\WIN32\WIN32\DEBUG\VDCEYE VIEWER.EXE
C:\WORK\01-PROJECTS\50-VR\VDC\VDC\WIN32\WIN32\DEBUG\VDCEYE VIEWER.ILK
C:\WORK\01-PROJECTS\50-VR\VDC\VDC\WIN32\WIN32\DEBUG\VSCLOUDNODE.PDB
C:\work\03-vdc\github\vdc\vdc\win32\Debug\cl.command.1.tlog
C:\work\03-vdc\github\vdc\vdc\win32\Debug\CL.read.1.tlog
C:\work\03-vdc\github\vdc\vdc\win32\Debug\CL.write.1.tlog
C:\work\03-vdc\github\vdc\vdc\win32\Debug\custombuild.command.1.tlog
C:\work\03-vdc\github\vdc\vdc\win32\Debug\custombuild.read.1.tlog
C:\work\03-vdc\github\vdc\vdc\win32\Debug\custombuild.write.1.tlog
C:\work\03-vdc\github\vdc\vdc\win32\Debug\link.command.1.tlog
C:\work\03-vdc\github\vdc\vdc\win32\Debug\link.read.1.tlog
C:\work\03-vdc\github\vdc\vdc\win32\Debug\link.write.1.tlog
C:\work\03-vdc\github\vdc\vdc\win32\Debug\link-cvtres.read.1.tlog
C:\work\03-vdc\github\vdc\vdc\win32\Debug\link-cvtres.write.1.tlog
C:\work\03-vdc\github\vdc\vdc\win32\Debug\main.obj
C:\work\03-vdc\github\vdc\vdc\win32\Debug\moc_videowidget.obj
C:\work\03-vdc\github\vdc\vdc\win32\Debug\moc_vsccameraadd.obj
C:\work\03-vdc\github\vdc\vdc\win32\Debug\moc_vscdevicelist.obj
C:\work\03-vdc\github\vdc\vdc\win32\Debug\moc_vscdevicetrash.obj
C:\work\03-vdc\github\vdc\vdc\win32\Debug\moc_vscdevicetree.obj
C:\work\03-vdc\github\vdc\vdc\win32\Debug\moc_vscdockwidget.obj
C:\work\03-vdc\github\vdc\vdc\win32\Debug\moc_vscmainwindows.obj
C:\work\03-vdc\github\vdc\vdc\win32\Debug\moc_vscplaycontrol.obj
C:\work\03-vdc\github\vdc\vdc\win32\Debug\moc_vscsearch.obj
C:\work\03-vdc\github\vdc\vdc\win32\Debug\moc_vscvideowall.obj
C:\work\03-vdc\github\vdc\vdc\win32\Debug\moc_vscview.obj
C:\work\03-vdc\github\vdc\vdc\win32\Debug\moc_vscvwidget.obj
C:\work\03-vdc\github\vdc\vdc\win32\Debug\mt.command.1.tlog
C:\work\03-vdc\github\vdc\vdc\win32\Debug\mt.read.1.tlog
C:\work\03-vdc\github\vdc\vdc\win32\Debug\mt.write.1.tlog
C:\work\03-vdc\github\vdc\vdc\win32\Debug\qrc_vscmainwindows.obj
C:\work\03-vdc\github\vdc\vdc\win32\Debug\rc.command.1.tlog
C:\work\03-vdc\github\vdc\vdc\win32\Debug\rc.read.1.tlog
C:\work\03-vdc\github\vdc\vdc\win32\Debug\rc.write.1.tlog
C:\work\03-vdc\github\vdc\vdc\win32\Debug\vc100.pdb
C:\work\03-vdc\github\vdc\vdc\win32\Debug\videowidget.obj
C:\work\03-vdc\github\vdc\vdc\win32\Debug\vsccameraadd.obj
C:\work\03-vdc\github\vdc\vdc\win32\Debug\vscdeviceipc.obj
C:\work\03-vdc\github\vdc\vdc\win32\Debug\vscdevicelist.obj
C:\work\03-vdc\github\vdc\vdc\win32\Debug\vscdevicetrash.obj
C:\work\03-vdc\github\vdc\vdc\win32\Debug\vscdevicetree.obj
C:\work\03-vdc\github\vdc\vdc\win32\Debug\vscdockwidget.obj
C:\work\03-vdc\github\vdc\vdc\win32\Debug\VSCloudNode.exe.intermediate.manifest
C:\work\03-vdc\github\vdc\vdc\win32\Debug\VSCloudNode.res
C:\work\03-vdc\github\vdc\vdc\win32\Debug\VSCloudNode.write.1.tlog
C:\work\03-vdc\github\vdc\vdc\win32\Debug\vscmainwindows.obj
C:\work\03-vdc\github\vdc\vdc\win32\Debug\vscplaycontrol.obj
C:\work\03-vdc\github\vdc\vdc\win32\Debug\vscsearch.obj
C:\work\03-vdc\github\vdc\vdc\win32\Debug\vscvideowall.obj
C:\work\03-vdc\github\vdc\vdc\win32\Debug\vscview.obj
C:\work\03-vdc\github\vdc\vdc\win32\Debug\vscvwidget.obj
C:\work\03-vdc\github\vdc\vdc\win32\Win32\Debug\VSCloudNode.pdb
